\BOOKMARK [0][-]{titulo.0}{P\341gina de T\355tulo}{}% 1
\BOOKMARK [0][-]{chapter*.1}{Agradecimientos}{}% 2
\BOOKMARK [0][-]{chapter*.2}{Resumen}{}% 3
\BOOKMARK [0][-]{indices.0}{\315ndices}{}% 4
\BOOKMARK [1][-]{tabla de contenidos.1}{Tabla de contenidos}{indices.0}% 5
\BOOKMARK [1][-]{indice de figuras.1}{\315ndice de figuras}{indices.0}% 6
\BOOKMARK [1][-]{indice de tablas.1}{\315ndice de tablas}{indices.0}% 7
\BOOKMARK [0][-]{chapter.1}{Introducci\363n}{}% 8
\BOOKMARK [1][-]{section.1.1}{Introducci\363n}{chapter.1}% 9
\BOOKMARK [1][-]{section.1.1}{Notas bibliogr\341ficas}{chapter.1}% 10
\BOOKMARK [1][-]{section.1.1}{En el pr\363ximo cap\355tulo}{chapter.1}% 11
\BOOKMARK [0][-]{chapter.2}{Motivaci\363n}{}% 12
\BOOKMARK [1][-]{section.2.1}{Introducci\363n}{chapter.2}% 13
\BOOKMARK [1][-]{section.2.1}{Notas bibliogr\341ficas}{chapter.2}% 14
\BOOKMARK [1][-]{section.2.1}{En el pr\363ximo cap\355tulo}{chapter.2}% 15
\BOOKMARK [0][-]{chapter.3}{Estado de arte}{}% 16
\BOOKMARK [1][-]{section.3.1}{Introducci\363n}{chapter.3}% 17
\BOOKMARK [1][-]{section.3.1}{Notas bibliogr\341ficas}{chapter.3}% 18
\BOOKMARK [1][-]{section.3.1}{En el pr\363ximo cap\355tulo}{chapter.3}% 19
\BOOKMARK [0][-]{chapter.4}{Tecnolog\355a empleada}{}% 20
\BOOKMARK [1][-]{section.4.1}{Introducci\363n}{chapter.4}% 21
\BOOKMARK [1][-]{section.4.1}{Notas bibliogr\341ficas}{chapter.4}% 22
\BOOKMARK [1][-]{section.4.1}{En el pr\363ximo cap\355tulo}{chapter.4}% 23
\BOOKMARK [0][-]{chapter.5}{Casos de Uso}{}% 24
\BOOKMARK [1][-]{section.5.1}{introducci\363n}{chapter.5}% 25
\BOOKMARK [1][-]{section.5.1}{Notas bibliogr\341ficas}{chapter.5}% 26
\BOOKMARK [1][-]{section.5.1}{En el pr\363ximo cap\355tulo}{chapter.5}% 27
\BOOKMARK [-1][-]{part.1}{I Ap\351ndices}{}% 28
\BOOKMARK [0][-]{appendix.Alph1}{As\355 se hizo...}{part.1}% 29
\BOOKMARK [1][-]{section.Alph1.1}{Introducci\363n}{appendix.Alph1}% 30
\BOOKMARK [-1][-]{appendix*.6}{Bibliograf\355a}{}% 31
\BOOKMARK [-1][-]{fin.-1}{Fin}{}% 32
